<?xml version="1.0" encoding="UTF-8"?>
<testng-results skipped="0" failed="1" ignored="0" total="3" passed="2">
  <reporter-output>
  </reporter-output>
  <suite name="Default suite" duration-ms="191221" started-at="2020-01-30T16:01:56 IST" finished-at="2020-01-30T16:05:08 IST">
    <groups>
    </groups>
    <test name="Default test" duration-ms="191221" started-at="2020-01-30T16:01:56 IST" finished-at="2020-01-30T16:05:08 IST">
      <class name="AmazonAddToCartAndWishList.AmazonSearch">
        <test-method status="PASS" signature="setupSuite()[pri:0, instance:AmazonAddToCartAndWishList.AmazonSearch@5d76b067]" name="setupSuite" is-config="true" duration-ms="290" started-at="2020-01-30T16:01:56 IST" finished-at="2020-01-30T16:01:56 IST">
          <reporter-output>
          </reporter-output>
        </test-method> <!-- setupSuite -->
        <test-method status="PASS" signature="launchBrowser()[pri:0, instance:AmazonAddToCartAndWishList.AmazonSearch@5d76b067]" name="launchBrowser" is-config="true" duration-ms="5801" started-at="2020-01-30T16:01:56 IST" finished-at="2020-01-30T16:02:02 IST">
          <reporter-output>
          </reporter-output>
        </test-method> <!-- launchBrowser -->
        <test-method status="PASS" signature="LaunchURL()[pri:0, instance:AmazonAddToCartAndWishList.AmazonSearch@5d76b067]" name="LaunchURL" is-config="true" duration-ms="7356" started-at="2020-01-30T16:02:02 IST" finished-at="2020-01-30T16:02:10 IST">
          <reporter-output>
          </reporter-output>
        </test-method> <!-- LaunchURL -->
        <test-method status="PASS" signature="loginToApp()[pri:1, instance:AmazonAddToCartAndWishList.AmazonSearch@5d76b067]" name="loginToApp" duration-ms="16018" started-at="2020-01-30T16:02:10 IST" finished-at="2020-01-30T16:02:26 IST">
          <reporter-output>
          </reporter-output>
        </test-method> <!-- loginToApp -->
        <test-method status="PASS" signature="refreshPage()[pri:0, instance:AmazonAddToCartAndWishList.AmazonSearch@5d76b067]" name="refreshPage" is-config="true" duration-ms="841" started-at="2020-01-30T16:02:26 IST" finished-at="2020-01-30T16:02:27 IST">
          <reporter-output>
          </reporter-output>
        </test-method> <!-- refreshPage -->
        <test-method status="PASS" signature="LaunchURL()[pri:0, instance:AmazonAddToCartAndWishList.AmazonSearch@5d76b067]" name="LaunchURL" is-config="true" duration-ms="4249" started-at="2020-01-30T16:02:27 IST" finished-at="2020-01-30T16:02:31 IST">
          <reporter-output>
          </reporter-output>
        </test-method> <!-- LaunchURL -->
        <test-method status="FAIL" signature="searchByCategoryCarttest()[pri:2, instance:AmazonAddToCartAndWishList.AmazonSearch@5d76b067]" name="searchByCategoryCarttest" duration-ms="93427" started-at="2020-01-30T16:02:31 IST" finished-at="2020-01-30T16:04:04 IST">
          <exception class="org.openqa.selenium.NoSuchElementException">
            <message>
              <![CDATA[no such element: Unable to locate element: {"method":"xpath","selector":"//img[@data-image-index ='4']"}
  (Session info: chrome=79.0.3945.130)
For documentation on this error, please visit: https://www.seleniumhq.org/exceptions/no_such_element.html
Build info: version: '3.141.59', revision: 'e82be7d358', time: '2018-11-14T08:25:48'
System info: host: 'PDCDT01HJJYVQ1', ip: '192.168.5.4', os.name: 'Windows 7', os.arch: 'amd64', os.version: '6.1', java.version: '1.8.0_231'
Driver info: org.openqa.selenium.chrome.ChromeDriver
Capabilities {acceptInsecureCerts: false, browserName: chrome, browserVersion: 79.0.3945.130, chrome: {chromedriverVersion: 78.0.3904.70 (edb9c9f3de024..., userDataDir: C:\Users\P10141~1\AppData\L...}, goog:chromeOptions: {debuggerAddress: localhost:59374}, javascriptEnabled: true, networkConnectionEnabled: false, pageLoadStrategy: normal, platform: XP, platformName: XP, proxy: Proxy(), setWindowRect: true, strictFileInteractability: false, timeouts: {implicit: 0, pageLoad: 300000, script: 30000}, unhandledPromptBehavior: dismiss and notify}
Session ID: 6dfcbd5d0871ad9c6d0b9130045767fb
*** Element info: {Using=xpath, value=//img[@data-image-index ='4']}]]>
            </message>
            <full-stacktrace>
              <![CDATA[org.openqa.selenium.NoSuchElementException: no such element: Unable to locate element: {"method":"xpath","selector":"//img[@data-image-index ='4']"}
  (Session info: chrome=79.0.3945.130)
For documentation on this error, please visit: https://www.seleniumhq.org/exceptions/no_such_element.html
Build info: version: '3.141.59', revision: 'e82be7d358', time: '2018-11-14T08:25:48'
System info: host: 'PDCDT01HJJYVQ1', ip: '192.168.5.4', os.name: 'Windows 7', os.arch: 'amd64', os.version: '6.1', java.version: '1.8.0_231'
Driver info: org.openqa.selenium.chrome.ChromeDriver
Capabilities {acceptInsecureCerts: false, browserName: chrome, browserVersion: 79.0.3945.130, chrome: {chromedriverVersion: 78.0.3904.70 (edb9c9f3de024..., userDataDir: C:\Users\P10141~1\AppData\L...}, goog:chromeOptions: {debuggerAddress: localhost:59374}, javascriptEnabled: true, networkConnectionEnabled: false, pageLoadStrategy: normal, platform: XP, platformName: XP, proxy: Proxy(), setWindowRect: true, strictFileInteractability: false, timeouts: {implicit: 0, pageLoad: 300000, script: 30000}, unhandledPromptBehavior: dismiss and notify}
Session ID: 6dfcbd5d0871ad9c6d0b9130045767fb
*** Element info: {Using=xpath, value=//img[@data-image-index ='4']}
at sun.reflect.NativeConstructorAccessorImpl.newInstance0(Native Method)
at sun.reflect.NativeConstructorAccessorImpl.newInstance(Unknown Source)
at sun.reflect.DelegatingConstructorAccessorImpl.newInstance(Unknown Source)
at java.lang.reflect.Constructor.newInstance(Unknown Source)
at org.openqa.selenium.remote.http.W3CHttpResponseCodec.createException(W3CHttpResponseCodec.java:187)
at org.openqa.selenium.remote.http.W3CHttpResponseCodec.decode(W3CHttpResponseCodec.java:122)
at org.openqa.selenium.remote.http.W3CHttpResponseCodec.decode(W3CHttpResponseCodec.java:49)
at org.openqa.selenium.remote.HttpCommandExecutor.execute(HttpCommandExecutor.java:158)
at org.openqa.selenium.remote.service.DriverCommandExecutor.execute(DriverCommandExecutor.java:83)
at org.openqa.selenium.remote.RemoteWebDriver.execute(RemoteWebDriver.java:552)
at org.openqa.selenium.remote.RemoteWebDriver.findElement(RemoteWebDriver.java:323)
at org.openqa.selenium.remote.RemoteWebDriver.findElementByXPath(RemoteWebDriver.java:428)
at org.openqa.selenium.By$ByXPath.findElement(By.java:353)
at org.openqa.selenium.remote.RemoteWebDriver.findElement(RemoteWebDriver.java:315)
at sun.reflect.NativeMethodAccessorImpl.invoke0(Native Method)
at sun.reflect.NativeMethodAccessorImpl.invoke(Unknown Source)
at sun.reflect.DelegatingMethodAccessorImpl.invoke(Unknown Source)
at java.lang.reflect.Method.invoke(Unknown Source)
at org.openqa.selenium.support.events.EventFiringWebDriver.lambda$new$1(EventFiringWebDriver.java:105)
at com.sun.proxy.$Proxy10.findElement(Unknown Source)
at org.openqa.selenium.support.events.EventFiringWebDriver.findElement(EventFiringWebDriver.java:194)
at org.openqa.selenium.support.pagefactory.DefaultElementLocator.findElement(DefaultElementLocator.java:69)
at org.openqa.selenium.support.pagefactory.internal.LocatingElementHandler.invoke(LocatingElementHandler.java:38)
at com.sun.proxy.$Proxy14.click(Unknown Source)
at Amazon.AddToCartPage.searchByCategorytest(AddToCartPage.java:69)
at AmazonAddToCartAndWishList.AmazonSearch.searchByCategoryCarttest(AmazonSearch.java:92)
at sun.reflect.NativeMethodAccessorImpl.invoke0(Native Method)
at sun.reflect.NativeMethodAccessorImpl.invoke(Unknown Source)
at sun.reflect.DelegatingMethodAccessorImpl.invoke(Unknown Source)
at java.lang.reflect.Method.invoke(Unknown Source)
at org.testng.internal.MethodInvocationHelper.invokeMethod(MethodInvocationHelper.java:133)
at org.testng.internal.TestInvoker.invokeMethod(TestInvoker.java:584)
at org.testng.internal.TestInvoker.invokeTestMethod(TestInvoker.java:172)
at org.testng.internal.MethodRunner.runInSequence(MethodRunner.java:46)
at org.testng.internal.TestInvoker$MethodInvocationAgent.invoke(TestInvoker.java:804)
at org.testng.internal.TestInvoker.invokeTestMethods(TestInvoker.java:145)
at org.testng.internal.TestMethodWorker.invokeTestMethods(TestMethodWorker.java:146)
at org.testng.internal.TestMethodWorker.run(TestMethodWorker.java:128)
at java.util.ArrayList.forEach(Unknown Source)
at org.testng.TestRunner.privateRun(TestRunner.java:770)
at org.testng.TestRunner.run(TestRunner.java:591)
at org.testng.SuiteRunner.runTest(SuiteRunner.java:402)
at org.testng.SuiteRunner.runSequentially(SuiteRunner.java:396)
at org.testng.SuiteRunner.privateRun(SuiteRunner.java:355)
at org.testng.SuiteRunner.run(SuiteRunner.java:304)
at org.testng.SuiteRunnerWorker.runSuite(SuiteRunnerWorker.java:53)
at org.testng.SuiteRunnerWorker.run(SuiteRunnerWorker.java:96)
at org.testng.TestNG.runSuitesSequentially(TestNG.java:1180)
at org.testng.TestNG.runSuitesLocally(TestNG.java:1102)
at org.testng.TestNG.runSuites(TestNG.java:1032)
at org.testng.TestNG.run(TestNG.java:1000)
at org.testng.remote.AbstractRemoteTestNG.run(AbstractRemoteTestNG.java:115)
at org.testng.remote.RemoteTestNG.initAndRun(RemoteTestNG.java:251)
at org.testng.remote.RemoteTestNG.main(RemoteTestNG.java:77)
]]>
            </full-stacktrace>
          </exception> <!-- org.openqa.selenium.NoSuchElementException -->
          <reporter-output>
          </reporter-output>
        </test-method> <!-- searchByCategoryCarttest -->
        <test-method status="PASS" signature="refreshPage()[pri:0, instance:AmazonAddToCartAndWishList.AmazonSearch@5d76b067]" name="refreshPage" is-config="true" duration-ms="66" started-at="2020-01-30T16:04:04 IST" finished-at="2020-01-30T16:04:04 IST">
          <reporter-output>
          </reporter-output>
        </test-method> <!-- refreshPage -->
        <test-method status="PASS" signature="LaunchURL()[pri:0, instance:AmazonAddToCartAndWishList.AmazonSearch@5d76b067]" name="LaunchURL" is-config="true" duration-ms="4153" started-at="2020-01-30T16:04:06 IST" finished-at="2020-01-30T16:04:10 IST">
          <reporter-output>
          </reporter-output>
        </test-method> <!-- LaunchURL -->
        <test-method status="PASS" signature="searchbyTextWLtest(java.lang.String)[pri:3, instance:AmazonAddToCartAndWishList.AmazonSearch@5d76b067]" name="searchbyTextWLtest" duration-ms="57647" started-at="2020-01-30T16:04:10 IST" data-provider="getData" finished-at="2020-01-30T16:05:08 IST">
          <params>
            <param index="0">
              <value>
                <![CDATA[Bike]]>
              </value>
            </param>
          </params>
          <reporter-output>
          </reporter-output>
        </test-method> <!-- searchbyTextWLtest -->
        <test-method status="PASS" signature="refreshPage()[pri:0, instance:AmazonAddToCartAndWishList.AmazonSearch@5d76b067]" name="refreshPage" is-config="true" duration-ms="166" started-at="2020-01-30T16:05:08 IST" finished-at="2020-01-30T16:05:08 IST">
          <reporter-output>
          </reporter-output>
        </test-method> <!-- refreshPage -->
      </class> <!-- AmazonAddToCartAndWishList.AmazonSearch -->
    </test> <!-- Default test -->
  </suite> <!-- Default suite -->
</testng-results>
